 
[INFO] 使用系统Python引导: python 
[INFO] 创建虚拟环境 .venv ... 
[INFO] 升级 pip ... 
Requirement already satisfied: pip in c:\users\bigsh0t\maim-with-u\maimbot_tts_adapter\.venv\lib\site-packages (22.3.1)
Collecting pip
  Downloading pip-25.3-py3-none-any.whl (1.8 MB)
     ---------------------------------------- 1.8/1.8 MB 5.7 MB/s eta 0:00:00
Installing collected packages: pip
  Attempting uninstall: pip
    Found existing installation: pip 22.3.1
    Uninstalling pip-22.3.1:
      Successfully uninstalled pip-22.3.1
Successfully installed pip-25.3
[INFO] 安装依赖 ... 
Collecting fastapi
  Downloading fastapi-0.120.0-py3-none-any.whl.metadata (28 kB)
Collecting uvicorn
  Downloading uvicorn-0.38.0-py3-none-any.whl.metadata (6.8 kB)
Collecting requests
  Downloading requests-2.32.5-py3-none-any.whl.metadata (4.9 kB)
Collecting toml
  Downloading toml-0.10.2-py2.py3-none-any.whl.metadata (7.1 kB)
Collecting pydantic
  Using cached pydantic-2.12.3-py3-none-any.whl.metadata (87 kB)
Collecting loguru
  Downloading loguru-0.7.3-py3-none-any.whl.metadata (22 kB)
Collecting websockets
  Downloading websockets-15.0.1-cp310-cp310-win_amd64.whl.metadata (7.0 kB)
Collecting starlette<0.49.0,>=0.40.0 (from fastapi)
  Downloading starlette-0.48.0-py3-none-any.whl.metadata (6.3 kB)
Collecting typing-extensions>=4.8.0 (from fastapi)
  Downloading typing_extensions-4.15.0-py3-none-any.whl.metadata (3.3 kB)
Collecting annotated-doc>=0.0.2 (from fastapi)
  Downloading annotated_doc-0.0.3-py3-none-any.whl.metadata (6.6 kB)
Collecting annotated-types>=0.6.0 (from pydantic)
  Using cached annotated_types-0.7.0-py3-none-any.whl.metadata (15 kB)
Collecting pydantic-core==2.41.4 (from pydantic)
  Downloading pydantic_core-2.41.4-cp310-cp310-win_amd64.whl.metadata (7.4 kB)
Collecting typing-inspection>=0.4.2 (from pydantic)
  Using cached typing_inspection-0.4.2-py3-none-any.whl.metadata (2.6 kB)
Collecting anyio<5,>=3.6.2 (from starlette<0.49.0,>=0.40.0->fastapi)
  Using cached anyio-4.11.0-py3-none-any.whl.metadata (4.1 kB)
Collecting exceptiongroup>=1.0.2 (from anyio<5,>=3.6.2->starlette<0.49.0,>=0.40.0->fastapi)
  Downloading exceptiongroup-1.3.0-py3-none-any.whl.metadata (6.7 kB)
Collecting idna>=2.8 (from anyio<5,>=3.6.2->starlette<0.49.0,>=0.40.0->fastapi)
  Using cached idna-3.11-py3-none-any.whl.metadata (8.4 kB)
Collecting sniffio>=1.1 (from anyio<5,>=3.6.2->starlette<0.49.0,>=0.40.0->fastapi)
  Using cached sniffio-1.3.1-py3-none-any.whl.metadata (3.9 kB)
Collecting click>=7.0 (from uvicorn)
  Downloading click-8.3.0-py3-none-any.whl.metadata (2.6 kB)
Collecting h11>=0.8 (from uvicorn)
  Using cached h11-0.16.0-py3-none-any.whl.metadata (8.3 kB)
Collecting charset_normalizer<4,>=2 (from requests)
  Downloading charset_normalizer-3.4.4-cp310-cp310-win_amd64.whl.metadata (38 kB)
Collecting urllib3<3,>=1.21.1 (from requests)
  Downloading urllib3-2.5.0-py3-none-any.whl.metadata (6.5 kB)
Collecting certifi>=2017.4.17 (from requests)
  Using cached certifi-2025.10.5-py3-none-any.whl.metadata (2.5 kB)
Collecting colorama>=0.3.4 (from loguru)
  Using cached colorama-0.4.6-py2.py3-none-any.whl.metadata (17 kB)
Collecting win32-setctime>=1.0.0 (from loguru)
  Downloading win32_setctime-1.2.0-py3-none-any.whl.metadata (2.4 kB)
Downloading fastapi-0.120.0-py3-none-any.whl (108 kB)
Using cached pydantic-2.12.3-py3-none-any.whl (462 kB)
Downloading pydantic_core-2.41.4-cp310-cp310-win_amd64.whl (2.0 MB)
   ---------------------------------------- 2.0/2.0 MB 12.5 MB/s  0:00:00
Downloading starlette-0.48.0-py3-none-any.whl (73 kB)
Using cached anyio-4.11.0-py3-none-any.whl (109 kB)
Downloading uvicorn-0.38.0-py3-none-any.whl (68 kB)
Downloading requests-2.32.5-py3-none-any.whl (64 kB)
Downloading charset_normalizer-3.4.4-cp310-cp310-win_amd64.whl (107 kB)
Using cached idna-3.11-py3-none-any.whl (71 kB)
Downloading urllib3-2.5.0-py3-none-any.whl (129 kB)
Downloading toml-0.10.2-py2.py3-none-any.whl (16 kB)
Downloading loguru-0.7.3-py3-none-any.whl (61 kB)
Downloading websockets-15.0.1-cp310-cp310-win_amd64.whl (176 kB)
Downloading annotated_doc-0.0.3-py3-none-any.whl (5.5 kB)
Using cached annotated_types-0.7.0-py3-none-any.whl (13 kB)
Using cached certifi-2025.10.5-py3-none-any.whl (163 kB)
Downloading click-8.3.0-py3-none-any.whl (107 kB)
Using cached colorama-0.4.6-py2.py3-none-any.whl (25 kB)
Downloading exceptiongroup-1.3.0-py3-none-any.whl (16 kB)
Using cached h11-0.16.0-py3-none-any.whl (37 kB)
Using cached sniffio-1.3.1-py3-none-any.whl (10 kB)
Downloading typing_extensions-4.15.0-py3-none-any.whl (44 kB)
Using cached typing_inspection-0.4.2-py3-none-any.whl (14 kB)
Downloading win32_setctime-1.2.0-py3-none-any.whl (4.1 kB)
Installing collected packages: win32-setctime, websockets, urllib3, typing-extensions, toml, sniffio, idna, h11, colorama, charset_normalizer, certifi, annotated-types, annotated-doc, typing-inspection, requests, pydantic-core, loguru, exceptiongroup, click, uvicorn, pydantic, anyio, starlette, fastapi

Successfully installed annotated-doc-0.0.3 annotated-types-0.7.0 anyio-4.11.0 certifi-2025.10.5 charset_normalizer-3.4.4 click-8.3.0 colorama-0.4.6 exceptiongroup-1.3.0 fastapi-0.120.0 h11-0.16.0 idna-3.11 loguru-0.7.3 pydantic-2.12.3 pydantic-core-2.41.4 requests-2.32.5 sniffio-1.3.1 starlette-0.48.0 toml-0.10.2 typing-extensions-4.15.0 typing-inspection-0.4.2 urllib3-2.5.0 uvicorn-0.38.0 websockets-15.0.1 win32-setctime-1.2.0
[INFO] 即将启动三窗口（SoVITS/Adapter/Control）。
[OK] SoVITS 已监听 9880。
[WARN] Adapter 8070 未在 30 秒内监听，继续启动 Control。
[OK] Adapter 阶段完成。
