==== RUN 周一 29/12/2025 23:32:55.78 ==== 
[OK] venv 存在：C:\Users\BigSh0t\Nacho-with-u\NachoBot\..\nachobot_tts_adapter\.venv\Scripts\python.exe 
[INFO] 升级 pip ... 
Requirement already satisfied: pip in c:\users\bigsh0t\nacho-with-u\nachobot_tts_adapter\.venv\lib\site-packages (25.3)
[INFO] 安装/补全依赖 ... 
Requirement already satisfied: fastapi in c:\users\bigsh0t\nacho-with-u\nachobot_tts_adapter\.venv\lib\site-packages (0.120.0)
Requirement already satisfied: uvicorn in c:\users\bigsh0t\nacho-with-u\nachobot_tts_adapter\.venv\lib\site-packages (0.38.0)
Requirement already satisfied: requests in c:\users\bigsh0t\nacho-with-u\nachobot_tts_adapter\.venv\lib\site-packages (2.32.5)
Requirement already satisfied: toml in c:\users\bigsh0t\nacho-with-u\nachobot_tts_adapter\.venv\lib\site-packages (0.10.2)
Requirement already satisfied: pydantic in c:\users\bigsh0t\nacho-with-u\nachobot_tts_adapter\.venv\lib\site-packages (2.12.3)
Requirement already satisfied: loguru in c:\users\bigsh0t\nacho-with-u\nachobot_tts_adapter\.venv\lib\site-packages (0.7.3)
Requirement already satisfied: websockets in c:\users\bigsh0t\nacho-with-u\nachobot_tts_adapter\.venv\lib\site-packages (15.0.1)
Requirement already satisfied: aiohttp in c:\users\bigsh0t\nacho-with-u\nachobot_tts_adapter\.venv\lib\site-packages (3.13.1)
Requirement already satisfied: starlette<0.49.0,>=0.40.0 in c:\users\bigsh0t\nacho-with-u\nachobot_tts_adapter\.venv\lib\site-packages (from fastapi) (0.48.0)
Requirement already satisfied: typing-extensions>=4.8.0 in c:\users\bigsh0t\nacho-with-u\nachobot_tts_adapter\.venv\lib\site-packages (from fastapi) (4.15.0)
Requirement already satisfied: annotated-doc>=0.0.2 in c:\users\bigsh0t\nacho-with-u\nachobot_tts_adapter\.venv\lib\site-packages (from fastapi) (0.0.3)
Requirement already satisfied: annotated-types>=0.6.0 in c:\users\bigsh0t\nacho-with-u\nachobot_tts_adapter\.venv\lib\site-packages (from pydantic) (0.7.0)
Requirement already satisfied: pydantic-core==2.41.4 in c:\users\bigsh0t\nacho-with-u\nachobot_tts_adapter\.venv\lib\site-packages (from pydantic) (2.41.4)
Requirement already satisfied: typing-inspection>=0.4.2 in c:\users\bigsh0t\nacho-with-u\nachobot_tts_adapter\.venv\lib\site-packages (from pydantic) (0.4.2)
Requirement already satisfied: anyio<5,>=3.6.2 in c:\users\bigsh0t\nacho-with-u\nachobot_tts_adapter\.venv\lib\site-packages (from starlette<0.49.0,>=0.40.0->fastapi) (4.11.0)
Requirement already satisfied: exceptiongroup>=1.0.2 in c:\users\bigsh0t\nacho-with-u\nachobot_tts_adapter\.venv\lib\site-packages (from anyio<5,>=3.6.2->starlette<0.49.0,>=0.40.0->fastapi) (1.3.0)
Requirement already satisfied: idna>=2.8 in c:\users\bigsh0t\nacho-with-u\nachobot_tts_adapter\.venv\lib\site-packages (from anyio<5,>=3.6.2->starlette<0.49.0,>=0.40.0->fastapi) (3.11)
Requirement already satisfied: sniffio>=1.1 in c:\users\bigsh0t\nacho-with-u\nachobot_tts_adapter\.venv\lib\site-packages (from anyio<5,>=3.6.2->starlette<0.49.0,>=0.40.0->fastapi) (1.3.1)
Requirement already satisfied: click>=7.0 in c:\users\bigsh0t\nacho-with-u\nachobot_tts_adapter\.venv\lib\site-packages (from uvicorn) (8.3.0)
Requirement already satisfied: h11>=0.8 in c:\users\bigsh0t\nacho-with-u\nachobot_tts_adapter\.venv\lib\site-packages (from uvicorn) (0.16.0)
Requirement already satisfied: charset_normalizer<4,>=2 in c:\users\bigsh0t\nacho-with-u\nachobot_tts_adapter\.venv\lib\site-packages (from requests) (3.4.4)
Requirement already satisfied: urllib3<3,>=1.21.1 in c:\users\bigsh0t\nacho-with-u\nachobot_tts_adapter\.venv\lib\site-packages (from requests) (2.5.0)
Requirement already satisfied: certifi>=2017.4.17 in c:\users\bigsh0t\nacho-with-u\nachobot_tts_adapter\.venv\lib\site-packages (from requests) (2025.10.5)
Requirement already satisfied: colorama>=0.3.4 in c:\users\bigsh0t\nacho-with-u\nachobot_tts_adapter\.venv\lib\site-packages (from loguru) (0.4.6)
Requirement already satisfied: win32-setctime>=1.0.0 in c:\users\bigsh0t\nacho-with-u\nachobot_tts_adapter\.venv\lib\site-packages (from loguru) (1.2.0)
Requirement already satisfied: aiohappyeyeballs>=2.5.0 in c:\users\bigsh0t\nacho-with-u\nachobot_tts_adapter\.venv\lib\site-packages (from aiohttp) (2.6.1)
Requirement already satisfied: aiosignal>=1.4.0 in c:\users\bigsh0t\nacho-with-u\nachobot_tts_adapter\.venv\lib\site-packages (from aiohttp) (1.4.0)
Requirement already satisfied: async-timeout<6.0,>=4.0 in c:\users\bigsh0t\nacho-with-u\nachobot_tts_adapter\.venv\lib\site-packages (from aiohttp) (5.0.1)
Requirement already satisfied: attrs>=17.3.0 in c:\users\bigsh0t\nacho-with-u\nachobot_tts_adapter\.venv\lib\site-packages (from aiohttp) (25.4.0)
Requirement already satisfied: frozenlist>=1.1.1 in c:\users\bigsh0t\nacho-with-u\nachobot_tts_adapter\.venv\lib\site-packages (from aiohttp) (1.8.0)
Requirement already satisfied: multidict<7.0,>=4.5 in c:\users\bigsh0t\nacho-with-u\nachobot_tts_adapter\.venv\lib\site-packages (from aiohttp) (6.7.0)
Requirement already satisfied: propcache>=0.2.0 in c:\users\bigsh0t\nacho-with-u\nachobot_tts_adapter\.venv\lib\site-packages (from aiohttp) (0.4.1)
Requirement already satisfied: yarl<2.0,>=1.17.0 in c:\users\bigsh0t\nacho-with-u\nachobot_tts_adapter\.venv\lib\site-packages (from aiohttp) (1.22.0)
[FATAL] 未找到 SoVITS 启动文件 api_v2.py / api.py 
